{"/Users/ifeature/IdeaProjects/www/src/BuildInfo.svelte": {"path":"/Users/ifeature/IdeaProjects/www/src/BuildInfo.svelte","statementMap":{"0":{"start":{"line":8,"column":15},"end":{"line":8,"column":null}},"1":{"start":{"line":9,"column":8},"end":{"line":9,"column":null}},"2":{"start":{"line":2,"column":18},"end":{"line":2,"column":null}},"3":{"start":{"line":3,"column":19},"end":{"line":3,"column":null}}},"fnMap":{},"branchMap":{"0":{"loc":{"start":{"line":8,"column":15},"end":{"line":8,"column":null}},"type":"if","locations":[{"start":{"line":8,"column":15},"end":{"line":8,"column":null}},{"start":{"line":8,"column":15},"end":{"line":8,"column":null}}]},"1":{"loc":{"start":{"line":9,"column":8},"end":{"line":9,"column":null}},"type":"if","locations":[{"start":{"line":9,"column":8},"end":{"line":9,"column":null}},{"start":{"line":9,"column":8},"end":{"line":9,"column":null}}]}},"s":{"0":3,"1":3,"2":3,"3":3},"f":{},"b":{"0":[0,0],"1":[0,0]}}
}
